<?xml version="1.0" encoding="UTF-8"?>
<!-- Generated by org.testng.reporters.JUnitReportReporter -->
<testsuite hostname="DESKTOP-AFJTHE7" failures="0" tests="1" name="Test_Group.Test_Artifact.BrowserLaunchTest" time="3.461" errors="0" timestamp="2023-04-27T17:01:40 EDT" skipped="0">
  <testcase classname="Test_Group.Test_Artifact.BrowserLaunchTest" name="browser" time="3.461"/>
  <system-out/>
</testsuite> <!-- Test_Group.Test_Artifact.BrowserLaunchTest -->
