<?xml version="1.0" encoding="UTF-8"?>
<!-- Generated by org.testng.reporters.JUnitReportReporter -->
<testsuite hostname="DESKTOP-AFJTHE7" failures="0" tests="1" name="Test_Group.Test_Artifact.AppTest" time="0.006" errors="0" timestamp="2023-04-27T17:01:40 EDT" skipped="0">
  <testcase classname="Test_Group.Test_Artifact.AppTest" name="shouldAnswerWithTrue" time="0.006"/>
  <system-out/>
</testsuite> <!-- Test_Group.Test_Artifact.AppTest -->
