<?xml version="1.0" encoding="UTF-8"?>
<!-- Generated by org.testng.reporters.JUnitReportReporter -->
<testsuite hostname="DESKTOP-AFJTHE7" failures="0" tests="1" name="Test_Group.Test_Artifact.Test1001" time="301.363" errors="0" timestamp="2023-05-02T10:17:51 EDT" skipped="0">
  <testcase classname="Test_Group.Test_Artifact.Test1001" name="test" time="301.363"/>
  <system-out/>
</testsuite> <!-- Test_Group.Test_Artifact.Test1001 -->
