<?xml version="1.0" encoding="UTF-8"?>
<!-- Generated by org.testng.reporters.JUnitReportReporter -->
<testsuite hostname="DESKTOP-AFJTHE7" failures="0" tests="1" name="Test_Group.Test_Artifact.Test1003" time="902.040" errors="0" timestamp="2023-05-01T23:24:26 EDT" skipped="0">
  <testcase classname="Test_Group.Test_Artifact.Test1003" name="test" time="902.040"/>
  <system-out/>
</testsuite> <!-- Test_Group.Test_Artifact.Test1003 -->
