<?xml version="1.0" encoding="UTF-8"?>
<!-- Generated by org.testng.reporters.JUnitReportReporter -->
<testsuite hostname="DESKTOP-AFJTHE7" failures="0" tests="1" name="Test_Group.Test_Artifact.BrowserLaunchTest" time="4.125" errors="0" timestamp="2023-04-28T09:33:01 EDT" skipped="0">
  <testcase classname="Test_Group.Test_Artifact.BrowserLaunchTest" name="test1001" time="4.125"/>
  <system-out/>
</testsuite> <!-- Test_Group.Test_Artifact.BrowserLaunchTest -->
